100
2 67 317 2367 1866 4651 799 4911 1857 378 6269 885 579 4287 2382 423 7860 7189 4304 2165 234 816 168 3506 7320 476 494 120
8 590 158 1553 7056 3425 3797 510 1948 909 9589 7798 2643 193 6711 6668 2028 6589 950 5472 1066 1107 506 1122 2172 5050 3649 703 3287 2615 6116 2796 3883 3706 8734 1572 1290 8080
22 590 158 1553 7056 3425 3797 510 1948 909 9589 7798 2643 193 6711 6668 2028 6589 950 5472 1066 1107 506 1122 2172 5050 3649 703 3287 2615 6116 2796 3883 3706 4510 3244 1737
27 590 158 1553 7056 3425 3797 510 1948 909 9589 7798 2643 193 6711 6668 2028 6589 950 5472 1066 1107 506 1122 2172 5050 3649 703 3287 2615 6116 2796 3883 3706 899 2848
67 590 158 1553 7056 3425 3797 510 1948 909 9589 7798 2643 193 6711 6668 2028 6589 950 5472 1066 1107 506 1122 2172 5050 3649 703 3287 2615 6116 2796 3883 3706 797 1671 5091 5921
73 590 158 1553 7056 3425 3797 510 1948 909 9589 7798 2643 193 6711 6668 2028 6589 950 5472 1066 1107 506 1122 2172 5050 3649 703 3287 2615 6116 2796 3883 3706 899
89 590 158 1553 7056 3425 3797 510 1948 909 9589 7798 2643 193 6711 6668 2028 6589 950 5472 1066 1107 506 1122 2172 5050 3649 703 3287 2615 6116 2796 3883 3706 914 6138
58 66 585 1810 1003 1004 529 1411 1044 1165 1423 916 745 2036 1054 1350 1233 3353 1377 2046 2702 4317 1641 4295 3597 6104 2012 2447 3475 914 4115
80 66 585 1810 1003 1004 529 5297 6483 6652 1411 1044 1165 9759 2127 1423 6720 916 745 2036 1043 2880 1054 1350 7123 9183 1233 2750 7478 2907 6068 7013 7389 2060 6337 2780
15 362 1394 898 1606 930 1053 885 4498 1312 356 686 2295 2339 997 2603 1458 1198 2011 3476 2858 3414 1861 2874 2810 1732 4845 8952 1974 3774 1048 7208 609
33 362 1394 898 1606 930 1053 885 4498 1312 356 686 2295 2339 997 2731 2603 1458 1198 9639 2011 3476 6647 2858 5704 3618 3414 1861 2874 7832 2810 1732 4845 3774 5101 7585 9365 1930 2848 3198
95 362 1394 898 1606 930 1053 885 4498 1312 356 686 2295 2339 997 2731 2603 1458 1198 9639 2011 3476 6647 2858 5704 3618 3414 1861 2874 7832 2810 1732 4845 3774 5101 7585 9365 1089 5985 4247 3975 2848
37 360 1224 124 1209 1650 342 405 1478 599 793 759 3511 662 6642 4716 2636 1983 517 1156 7120 7064 674 1317 1256 2976 4525 7266 2625 1444 5882 1052 410 1783 4171 621 3097
53 360 1224 1864 124 1209 8660 1650 342 405 2693 1478 3964 599 793 5997 6121 759 3267 3511 9666 662 6029 3739 6642 4716 2636 1983 4865 3102 2060 2153
55 360 1224 1864 124 1209 8660 1650 342 405 2693 1478 3964 599 793 5997 6121 759 3267 3511 9666 662 6029 3739 6642 4716 2636 1983 4865 3102 1737 5921 708
61 360 1224 1864 124 1209 8660 1650 342 405 2693 1478 3964 599 793 5997 6121 759 3267 3511 9666 662 6029 3739 6642 4716 2636 1983 4865 3102 7984
72 360 1224 1864 124 1209 8660 1650 342 405 2693 1478 3964 599 793 5997 6121 759 3267 3511 9666 662 6029 3739 6642 4716 2636 1983 4865 3102 708
82 360 1224 1864 124 1209 8660 1650 342 405 2693 1478 3964 599 793 5997 6121 759 3267 3511 9666 662 6029 3739 6642 4716 2636 1983 4865 3102 3097 3244 9584 1737
86 360 1224 1864 124 1209 8660 1650 342 405 2693 1478 3964 599 793 5997 6121 759 3267 3511 9666 662 6029 3739 6642 4716 2636 1983 4865 3102 3849 1310 7055
97 360 1224 1864 124 1209 8660 1650 342 405 2693 1478 3964 599 793 5997 6121 759 3267 3511 9666 662 6029 3739 6642 4716 2636 1983 4865 3102 9584 1263 1737
20 1797 149 3575 652 706 5526 1052 1713 9798 1886 4553 2930 4889 2377 410 2298 9246 1783 1508 701 849 5330 3200 376 7564 1029 6013 7048 5826 1094 2019 4136 1117 2368 8454 5001 4171 1080
26 1797 149 3575 652 706 5526 1052 1713 9798 1886 4553 2930 4889 2377 410 2298 9246 1783 1508 701 849 5330 3200 376 7564 1029 6013 7048 5826 1094 2019 4136 1117 2368 8454 5001 4171 1080
36 1797 149 3575 652 706 5526 1052 1713 9798 1886 4553 2930 4889 2377 410 2298 9246 1783 1508 701 849 5330 3200 376 7564 1029 6013 7048 5826 1094 2019 4136 1117 2368 8454 5001 4171 1080
64 1797 149 3575 652 706 5526 1052 1713 9798 1886 4553 2930 4889 2377 410 2298 9246 1783 1508 701 849 5330 3200 376 7564 1029 6013 7048 5826 1094 2019 4136 1117 2368 8454 5001 4171 1080
93 1797 149 3575 652 706 5526 1052 1713 9798 1886 4553 2930 4889 2377 410 2298 9246 1783 1508 701 849 5330 3200 376 7564 1029 6013 7048 5826 1094 2019 4136 1117 2368 8454 5001 4171 1080
3 1888 50 217 441 249 5463 512 725 7231 313 2784 276 851 4363 776 1005 3180 4347 1393 449 3411 1467 1593 1114 4430 1319 6163 2398 5286 2517 5022 8025 6961 1140 7342 3740 7105 4412 5848 6656 3097 554 1671
31 1888 50 217 441 249 5463 512 725 7231 313 2784 276 851 4363 776 1005 3180 4347 1393 449 3411 1467 1593 1114 4430 1319 6163 2398 5286 2517 5022 8025 6961 1140 7342 3740 7105 4412 5848 1583
68 1888 50 217 441 249 5463 512 725 7231 313 2784 276 851 4363 776 1005 3180 4347 1393 449 3411 1467 1593 1114 4430 1319 6163 2398 5286 2517 5022 8025 6961 1140 7342 3740 7105 4412 5848 5661 6459 1310
77 1888 50 217 441 249 5463 512 725 7231 313 2784 276 851 4363 776 1005 3180 4347 1393 449 3411 1467 1593 1114 4430 1319 6163 2398 5286 2517 5022 8025 6961 1140 7342 3740 7105 4412 5848 404
84 1888 50 217 441 249 5463 512 725 7231 313 2784 276 851 4363 776 1005 3180 4347 1393 449 3411 1467 1593 1114 4430 1319 6163 2398 5286 2517 5022 8025 6961 1140 7342 3740 7105 4412 5848 138 968 6049 9584
21 9804 3573 7479 108 3475 455 9569 7627 3176 3529 1475 914 113 173 1646 693 459 4115 857 1015 2288 7429 6799 6082 3562 2650 3938 1309 621
24 9804 3573 7479 108 3475 455 9569 7627 3176 3529 1475 914 113 173 1646 693 459 4115 857 1015 2288 7429 6799 6082 3562 2650 3938 1309 6138 3756 1502
39 9804 3573 7479 108 3475 455 9569 7627 3176 3529 1475 914 113 173 1646 693 459 4115 857 1015 2288 7429 6799 6082 3562 2650 3938 1309 1671 5381 5921
45 9804 3573 7479 108 3475 455 9569 7627 3176 3529 1475 914 113 173 1646 693 459 4115 857 1015 2288 7429 6799 6082 3562 2650 3938 1309 3849 5921 1310 7055 1502
50 9804 3573 7479 108 3475 455 9569 7627 3176 3529 1475 914 113 173 1646 693 459 4115 857 1015 2288 7429 6799 6082 3562 2650 3938 1309 2591 3684
56 9804 3573 7479 108 3475 455 9569 7627 3176 3529 1475 914 113 173 1646 693 459 4115 857 1015 2288 7429 6799 6082 3562 2650 3938 1309 4371 3244 3756 1502 2264
99 9804 3573 7479 108 3475 455 9569 7627 3176 3529 1475 914 113 173 1646 693 459 4115 857 1015 2288 7429 6799 6082 3562 2650 3938 1309 3849 6604
1 136 7559 1443 5415 325 73 1912 790 4838 856 1288 5689 8735 6156 9424 1436 9017 1353 2507 1408 785 6655 2775 3231 3317 1552 1855 6423 7180 1473 1397 6419 3541 1509 7862 8309 6035 1290 3198 583
11 136 7559 1443 5415 325 73 1912 790 4838 856 1288 5689 8735 6156 9424 1436 9017 1353 2507 1408 785 6655 2775 3231 3317 1552 1855 6423 7180 1473 1397 6419 3541 1509 7862 8309 6035 6138 1334 3975 1671
43 136 7559 1443 5415 325 73 1912 790 4838 856 1288 5689 8735 6156 9424 1436 9017 1353 2507 1408 785 6655 2775 3231 3317 1552 1855 6423 7180 1473 1397 6419 3541 1509 7862 8309 6035 1077 5985
76 23 1540 1215 80 126 48 260 1615 756 251 714 8056 4955 3429 844 182 511 8871 563 867 477 123 295 6939 255 6288 1432 3595 2218 8635 5262 931 1602 1388 2048 2700
0 1039 9575 1579 180 107 518 3160 4548 435 4048 1799 1021 1804 5561 2622 8353 6052 1333 624 1862 5046 3604 8065 1045 8949 1725 6779 1368 1541 4456 1842 2716 807 1847 655 554 1384 869 968
32 1039 9575 1579 180 107 518 3160 4548 435 4048 1799 1021 1804 5561 2622 8353 6052 1333 624 1862 5046 3604 8065 1045 8949 1725 6779 1368 1541 4456 1842 2716 807 1847 2700 371 1315 5921
87 1039 9575 1579 180 107 518 3160 4548 435 4048 1799 1021 1804 5561 2622 8353 6052 1333 624 1862 5046 3604 8065 1045 8949 1725 6779 1368 1541 4456 1842 2716 807 1847 977 9542 3600
92 1039 9575 1579 180 107 518 3160 4548 435 4048 1799 1021 1804 5561 2622 8353 6052 1333 624 1862 5046 3604 8065 1045 8949 1725 6779 1368 1541 4456 1842 2716 807 1847 4500 5668 1958 9584
6 3558 377 288 52 8906 4150 3887 1613 3799 689 208 8806 413 427 802 2177 3128 3736 845 2802 4529 5540 3635 1836 1906 7660 7936 1226 7238 7891 7290 6178 2153 3244
12 3558 377 288 52 8906 4150 3887 1613 3799 689 208 8806 413 427 802 2177 3128 3736 845 2802 4529 5540 3635 1836 1906 7660 7936 1226 7238 7891 7290 6178 3756 1263
47 3558 377 288 52 8906 4150 3887 1613 3799 689 208 8806 413 427 802 2177 3128 3736 845 2802 4529 5540 3635 1836 1906 7660 7936 1226 7238 7891 7290 6178 1310 7055 3975
54 3558 377 288 52 8906 4150 3887 1613 3799 689 208 8806 413 427 802 2177 3128 3736 845 2802 4529 5540 3635 1836 1906 7660 7936 1226 7238 7891 7290 6178 2153 2848
7 1851 7480 3009 822 6747 205 2256 163 1496 2876 2250 327 3424 5828 901 8955 468 1712 9289 486 7508 6434 331 9517 4103 1335 4404 798 1132 403 1542 3601 2069 2402 8160 7355 7624 2045 1770 1793 1384
13 10 150 187 1201 758 261 947 183 894 74 375 572 281 99 2282 7202 2429 355 1793 2590 343 4336 866 4699 1010 5834 750 7810 2142 3943 359 8086 2049 4994 3700 2264
23 10 150 187 1201 758 261 947 183 894 74 375 572 281 99 2282 7202 2429 355 1793 2590 343 4336 866 4699 1010 5834 750 7810 2142 3943 359 8086 2049 4994 3700 3244
57 10 150 187 1201 758 261 947 183 894 74 375 572 281 99 2282 7202 2429 355 1793 2590 343 4336 866 4699 1010 5834 750 7810 2142 3943 359 8086 2049 4994 3700 3975
66 10 150 187 1201 758 261 947 183 894 74 375 572 281 99 2282 7202 2429 355 1793 2590 343 4336 866 4699 1010 5834 750 7810 2142 3943 359 8086 2049 4994 3700 3097 1671
78 10 150 187 1201 758 261 947 183 894 74 375 572 281 99 2282 7202 2429 355 1793 2590 343 4336 866 4699 1010 5834 750 7810 2142 3943 359 8086 2049 4994 3700 3756 1310
19 724 175 769 139 67 59 216 2492 160 287 550 5294 1253 5167 4113 596 4958 3428 2564 2552 817 9736 3758 826 4783 2673 1088 1900 1529 1428 6847 4639 7373 1128 2175 1930 3477 5926 138
5 25 240 387 1239 4752 809 2301 1966 3392 1693 2358 1438 4589 7497 1274 4552 1702 3881 1461 401 2476 3762 8044 1688 7363 2163 827 7234 5063 5800 4914 9447 8270 621 728 6347 3389 1263
40 3 524 1292 5609 5208 621 784 1517 2490 649 4405 552 1087 5409 2596 8890 1986 699 582 439 1357 5756 728 1722 7962 5256 3098 6015 8175 1031 2234 3315 4500 5668 7117 4841 2153 2120
98 3 524 1292 5609 5208 621 784 1517 2490 649 4405 552 1087 5409 2596 8890 1986 699 582 439 1357 5756 728 1722 7962 5256 3098 6015 8175 1031 2234 3315 7347 2478 5295 1263
29 204 586 437 478 2726 5195 1867 2611 223 2102 7306 1442 243 2359 1721 8104 636 8917 5592 1616 1157 4921 1882 3512 609 4881 1843 350 8976 4031 4088 778 1766 4656
71 204 586 437 478 2726 5195 1867 2611 223 2102 7306 1442 243 2359 1721 8104 636 8917 5592 1616 1157 4921 1882 3512 609 4881 1843 350 8976 4031 4088 778 1766 4656
96 204 586 437 478 2726 5195 1867 2611 223 2102 7306 1442 243 2359 1721 8104 636 8917 5592 1616 1157 4921 1882 3512 609 4881 1843 350 8976 4031 4088 778 1766 4656
59 286 382 5459 426 1566 523 9913 6238 1096 5350 3002 2736 3843 6138 5333 1655 5376 3962 3908 2187 979 536 7607 2485 8969 2104 1191 2237 1745 3920 4936 1187 9231 8450 1025 4184 1334 3126 1940 2227 8139 155 914
83 90 105 1072 170 61 168 842 5929 2408 162 637 4300 631 7475 747 7315 2715 3175 409 5811 977 9040 2271 9542 5140 854 2010 1269 4772 9043 3600 3260 9710 1098 3563 2296 2591 3975 1671
88 90 105 1072 170 61 168 842 5929 2408 162 637 4300 631 7475 747 7315 2715 3175 409 5811 977 9040 2271 9542 5140 854 2010 1269 4772 9043 3600 3260 9710 1098 3563 2296 3244 138
9 138 487 1133 890 968 3935 509 279 3320 3073 5989 1782 638 285 9347 475 1056 2137 1640 2401 5779 2626 1619 971 2378 2811 1755 4325 3423 933 6267 6700 709 1779 2122 2307 4497 1554 4803 3412 8402 6729
48 138 487 1133 890 968 3935 509 279 3320 3073 5989 1782 638 285 9347 475 1056 2137 1640 2401 5779 2626 1619 971 2378 2811 1755 4325 3423 933 6267 6700 709 1779 2122 2307 4497 1554 4803 3412 8402
63 138 487 1133 890 968 3935 509 279 3320 3073 5989 1782 638 285 9347 475 1056 2137 1640 2401 5779 2626 1619 971 2378 2811 1755 4325 3423 933 6267 6700 709 1779 2122 2307 4497 1554 4803 3412 8402 3097
90 138 487 1133 890 968 3935 509 279 3320 3073 5989 1782 638 285 9347 475 1056 2137 1640 2401 5779 2626 1619 971 2378 2811 1755 4325 3423 933 6267 6700 709 1779 2122 2307 4497 1554 4803 3412 8402 3244
79 18 3367 1099 222 3526 6450 1318 4486 7371 1734 3983 215 3354 912 272 9170 3969 553 749 960 9041 672 4051 4214 8059 897 8802 3259 4281 9514
62 869 982 203 5731 7481 1177 3488 4500 3761 3704 8017 2475 2372 278 5696 1439 777 3345 5296 2080 5668 928 3879 3753 5470 1570 1627 1503 1958 2745 7181 2763 7447 8484 7826 7117 7727 4841 1263
81 869 982 203 5731 7481 1177 3488 4500 3761 3704 8017 2475 2372 278 5696 1439 777 3345 5296 2080 5668 928 3879 3753 5470 1570 1627 1503 1958 2745 7181 2763 7447 8484 7826 7117 7727 4841 5921 3097
10 1286 2203 1506 2932 269 8157 381 1415 277 6881 161 1390 976 1084 2500 736 2692 4237 361 3076 2379 2364 7549 1155 3632 1996 836 2604 4750 5571 3941 2882 957 1077 5926 3244 1737 2848
30 1286 2203 1506 2932 269 8157 381 1415 277 6881 161 1390 976 1084 2500 736 2692 4237 361 3076 2379 2364 7549 1155 3632 1996 836 2604 4750 5571 3941 2882 957 2076 1310 2848
46 1286 2203 1506 2932 269 8157 381 1415 277 6881 161 1390 976 1084 2500 736 2692 4237 361 3076 2379 2364 7549 1155 3632 1996 836 2604 4750 5571 3941 2882 957 2076 1502 1671
85 1286 2203 1506 2932 269 8157 381 1415 277 6881 161 1390 976 1084 2500 736 2692 4237 361 3076 2379 2364 7549 1155 3632 1996 836 2604 4750 5571 3941 2882 957 4102 6729 2848
17 1485 152 1077 2399 1019 5205 2924 291 1527 8868 1395 1182 8389 1273 2409 1417 1421 2067 7726 1330 7038 504 2803 4202 2497 8421 210 1997 1621 1396 3282 1951 6297 839 485 9927 583 5381
28 76 2325 1944 95 1717 1999 93 6192 78 815 531 588 6033 1460 4742 2426 491 1462 7723 2373 4199 8468 1369 3617 6092 9577 3689 3768 8176 2076 948 9543 2486
42 76 2325 1944 95 1717 1999 93 6192 78 815 531 588 6033 1460 4742 2426 491 1462 7723 2373 4199 8468 1369 3617 6092 9577 3689 3768 8176 2076 1495 2153 5514 3172
65 76 2325 1944 95 1717 1999 93 6192 78 815 531 588 6033 1460 4742 2426 491 1462 7723 2373 4199 8468 1369 3617 6092 9577 3689 3768 8176 2076 1604 3767 5482 6459 3975 3244
75 1 871 868 3022 96 821 8878 3203 537 625 5910 303 1896 1573 148 543 606 771 2208 6930 1119 1227 8567 4471 1758 4778 2607 5618 5062 995 2785 2266 1754 1212 992 9718 9623 1689 5990 5182 6165 3975 3244 1671 3097
25 81 2 45 4060 1680 8489 8614 35 140 7322 685 1893 492 2522 1307 436 996 4722 179 1416 4216 301 7636 233 1899 6148 564 5791 3655 2255 1347 4160 3139 7242 2264 583
74 81 2 45 4060 1680 8489 8614 35 140 7322 685 1893 492 2522 1307 436 996 4722 179 1416 4216 301 7636 233 1899 6148 564 5791 3655 2255 1347 4160 3139 5985 554 3097
41 1880 89 2153 8724 1321 1210 364 825 907 669 7905 2931 490 8911 2415 453 5154 527 1726 372 6373 5347 2444 2723 3052 9857 3866 7433 3988 1449 1982 1348 5514 6362 1632 5985 3975
60 121 8 9373 200 4020 3616 690 713 412 4327 2624 2669 4567 6818 5442 2316 6507 5390 1744 6544 1120 4737 3455 9019 9128 1089 6043 6281 2501 2025 6702 7337 4373 4413 5985 3849 6402
94 54 1289 34 77 3124 3878 252 2428 967 1389 259 1604 8970 2883 4124 432 2663 2136 8741 1032 407 5306 737 9464 2222 1218 1569 618 9977 7169 9434 927 9301 7993 820 8761 4848 5921
34 2469 514 146 114 444 9952 3218 2776 3222 1752 1147 2300 415 834 862 1665 9961 4310 6523 1784 7761 3775 3869 8643 1598 4864 3522 3069 1372 2081 1446 7515 7132 4977 6604
18 1457 712 3330 79 42 2040 314 6061 773 496 3036 6658 3116 1687 639 7214 4102 1271 2886 1222 616 1772 1949 2829 311 8424 7184 5948 1690 1058 3626 3158 3119 1352 7984 5381 176 708
49 4828 144 5233 687 8738 1011 157 4342 191 192 2919 5954 4151 973 911 3608 2195 4734 2201 3247 479 7541 2551 4738 1686 4645 1800 4002 1988 953 6165 8271 6767 9665 3520 6290 6986 2591 3097
69 4828 144 5233 687 8738 1011 157 4342 191 192 2919 5954 4151 973 911 3608 2195 4734 2201 3247 479 7541 2551 4738 1686 4645 1800 4002 1988 953 6165 8271 6767 9665 3520 6290 6986 1671 708
70 2425 16 53 2207 1889 5364 6005 660 1917 1061 3931 9140 2547 5465 2950 6763 1142 1715 267 5264 5150 1729 4609 3113 4854 4218 2609 2848 7909 1257 1059 4960 9090 1887 8030 9572 5861 6172 3514 2717 3248 5661 6459 2513 6729 3975 3244
44 592 6686 6692 2100 7075 354 3130 6986 6928 4423 1455 884 7281 3499 3062 6452 3255 3820 4331 1775 3612 1696 5253 2741 2085 1795 5494 2033 3640 6364 3258 8966 3266 7366 4276 3849 3182 138
52 3849 2568 7979 501 1280 5407 151 6161 87 2721 3182 5313 2974 1666 326 1954 1401 853 6402 1953 2178 4855 4226 315 1448 6552 1445 1591 3505 428 5069 768 1853 4751 5555 5851 4869 1310
16 181 565 143 323 804 63 5417 283 948 993 1818 2647 8365 1298 1759 234 4117 340 2527 3309 944 1418 4104 7364 8938 7774 275 3660 8427 4473 4514 9543 4371 4023 725
4 1424 6270 6147 587 195 482 335 3692 2260 2431 6205 2022 2445 4415 5440 4146 567 7752 7287 1648 2143 2340 2436 2098 1618 1113 1336 3751 3227 1073 3767 3976 3348 3420 2818 1482 1310 7055 3975 1502
91 29 452 338 4581 1264 680 202 60 2236 85 1932 2355 1698 3643 7258 970 1589 1038 1599 3056 8060 3987 5295 2477 5513 2654 2591 1978 8605 8019 4289 3684 3244 126
14 1813 876 3764 594 5850 3125 4723 329 4977 411 2115 6424 7460 3516 6604 7858 1866 2985 1007 847 666 1587 760 4895 936 429 2092 920 9974 1731 4596 860 7681 941 2249
38 5675 1329 548 9252 309 735 994 1126 2518 263 6411 3989 723 3323 1050 2656 6656 3490 3142 7023 757 3449 2095 1118 1303 2661 5818 3097 895 4340 2051 2173 3471 7975 7677 583 1671
35 1260 103 4207 4410 1504 5221 1677 1885 433 1026 3537 1959 3790 6077 3020 9230 8313 791 4472 3555 8991 1557 5158 2610 1041 448 4428 5552 829 1653 4164 7537 6059 4613 8450 138
51 2148 508 40 5031 304 780 2642 1692 2938 6463 6571 3708 1213 6773 1242 1127 3586 1705 3923 8783 5542 5659 6361 1339 5341 1403 4470 3261 1525 1957 1343 1383 6310 3804 138 9365 2818
