15 33 11
0 87 17
3 1 4
8 62 24
8 44 21
11 21 6
8 69 25
10 1 3
14 5 33
x
2 22 21
13 58 34
8 77 15
2 51 5
14 17 6
7 29 42
5 0 0
0 96 23
13 52 39
10 9 20
15 21 29
x
x
6 12 7
10 81 16
8 0 6
15 95 44
8 76 34
10 12 7
13 12 16
2 72 35
7 71 18
8 36 18
12 63 43
5 1 27
9 69 11
8 86 37
0 53 34
1 60 1
8 61 42
12 72 1
9 18 14
10 38 24
12 81 2
13 7 25
14 47 35
4 19 8
8 53 34
10 60 2
11 20 4
1 3 36
4 16 9
6 9 38
0 71 3
4 31 30
4 46 19
4 77 1
11 60 3
13 0 17
3 4 0
1 18 15
4 11 2
4 30 43
9 14 33
15 77 33
6 59 12
15 2 32
14 68 4
12 99 12
4 1 5
8 37 33
x
10 42 31
1 93 8
7 98 8
2 10 26
4 67 4
12 7 9
0 39 12
6 79 44
7 30 34
14 95 17
4 76 15
4 26 20
7 45 29
8 87 16
2 2 34
8 97 10
9 49 30
2 14 8
12 73 22
11 8 32
2 52 40
12 46 44
10 0 8
1 15 24
10 90 15
8 60 42
9 50 39
14 25 23
13 29 6
14 14 38
14 26 16
6 1 4
x
11 43 7
15 20 43
4 38 26
8 67 2
15 14 9
12 14 8
0 76 4
0 3 39
2 32 29
7 14 10
12 45 42
3 3 21
14 77 19
0 86 27
12 16 17
6 30 30
x
10 73 11
14 35 31
0 33 32
3 10 18
4 3 27
8 88 22
13 69 2
8 10 44
x
7 19 25
10 4 1
14 4 25
0 1 24
7 2 35
6 0 15
11 0 16
8 68 11
5 25 3
3 39 6
4 47 7
9 57 40
x
5 57 5
12 24 25
15 69 12
13 8 22
1 41 35
2 41 42
2 29 33
15 50 1
0 75 22
15 7 36
4 12 39
11 59 9
x
1 25 11
2 21 39
5 55 28
14 23 43
1 32 33
8 74 11
6 28 40
9 8 3
7 38 6
12 52 11
12 21 5
14 15 9
13 21 30
4 85 16
2 59 17
12 22 28
15 5 7
8 96 2
0 85 7
13 60 44
4 25 37
7 62 32
8 39 29
10 53 22
3 13 11
3 31 24
7 12 12
8 11 36
14 48 18
10 41 35
13 24 9
9 26 41
8 75 12
2 38 4
10 35 19
13 28 8
10 30 26
2 19 24
1 42 6
15 49 17
8 48 23
8 17 14
9 78 2
1 24 30
1 17 16
11 83 20
3 56 25
4 94 17
4 37 42
11 18 37
2 77 0
10 27 21
9 7 29
10 34 40
x
0 95 28
x
15 67 18
15 6 21
3 20 19
14 86 34
x
14 10 37
8 29 8
6 29 8
9 3 37
x
7 35 15
7 54 41
5 24 18
15 76 25
14 34 27
2 0 28
x
9 24 25
11 3 38
8 22 38
1 7 26
x
9 17 15
x
9 28 34
1 31 12
7 36 23
1 8 4
x
5 43 30
6 39 43
13 30 5
8 78 32
4 68 40
4 54 41
11 71 11
13 16 18
5 5 10
9 34 4
4 55 6
15 0 16
9 33 9
0 64 18
7 39 44
x
x
5 56 19
15 35 28
14 57 20
x
12 13 30
15 40 14
7 37 36
14 24 24
2 6 22
2 47 6
2 20 41
14 1 15
15 87 30
12 38 3
6 3 39
9 64 44
6 17 16
4 53 44
5 23 8
1 1 25
5 32 25
14 0 30
3 11 10
3 55 27
4 75 14
9 0 26
5 16 11
8 95 39
x
12 12 32
9 1 28
8 9 40
7 22 11
9 25 21
12 39 31
0 4 2
3 48 20
8 31 30
7 89 21
2 11 27
0 9 10
x
5 42 14
9 56 12
12 33 29
2 30 44
12 25 35
2 31 9
12 64 21
6 37 0
15 23 19
3 28 38
6 18 19
13 67 36
3 9 31
12 3 40
2 58 32
x
14 66 40
8 85 1
2 23 20
2 7 38
1 53 31
x
6 68 36
5 8 40
8 14 3
8 56 21
14 8 0
7 11 31
4 86 0
11 82 12
6 21 21
3 62 33
0 62 37
5 71 6
7 7 14
9 58 24
4 66 38
10 10 23
10 21 10
3 51 22
0 78 33
x
12 55 24
4 62 23
10 51 32
1 0 21
15 61 34
4 9 33
11 30 26
6 51 37
4 4 3
11 29 29
5 6 38
12 9 37
12 82 39
13 59 1
1 75 39
7 80 40
0 44 14
11 72 35
8 21 28
12 31 26
14 56 36
6 45 1
6 52 42
15 11 22
10 18 29
3 22 12
3 29 32
5 9 4
x
0 45 15
7 23 22
8 46 35
14 33 28
9 35 1
8 28 41
5 80 2
9 27 10
3 23 23
3 71 7
4 17 21
8 24 17
8 84 12
1 10 41
9 37 36
x
6 11 18
11 37 27
x
11 91 13
0 84 31
3 40 16
6 95 31
10 3 17
1 65 3
2 94 16
6 58 41
x
10 13 12
5 79 13
11 49 36
2 39 2
6 67 9
3 99 29
14 32 1
13 34 11
11 2 15
11 1 8
6 86 14
6 46 6
x
1 26 38
4 95 35
9 51 43
15 29 37
0 32 11
4 48 12
14 49 32
10 44 33
9 44 5
14 42 8
15 28 4
5 88 32
1 14 18
15 52 41
5 18 24
0 12 25
8 16 31
7 61 13
13 1 23
12 0 36
1 44 37
8 4 5
3 80 1
x
12 53 34
13 41 13
15 12 13
x
x
0 65 42
11 99 30
11 9 5
3 89 41
4 84 18
5 89 42
x
9 95 17
9 45 7
13 3 41
13 35 10
8 35 0
1 23 19
9 2 16
7 28 39
1 2 17
x
10 43 28
6 87 29
6 50 17
12 8 15
11 42 42
3 41 14
5 15 23
8 45 13
x
1 74 5
13 13 24
8 54 27
x
13 92 20
10 37 6
7 5 38
x
1 83 7
7 52 7
2 1 36
10 29 9
10 11 30
x
13 2 19
11 14 41
6 60 22
12 2 18
15 19 38
8 30 43
13 9 38
8 93 18
x
10 28 34
1 51 42
2 60 43
15 34 23
15 10 8
3 42 34
4 39 31
6 36 2
11 36 39
13 40 40
7 10 5
8 70 19
4 0 24
7 0 27
x
4 32 13
5 50 26
7 53 0
1 30 40
11 31 0
0 56 38
11 51 25
6 27 13
11 19 33
8 94 20
9 86 22
15 42 15
4 20 25
0 24 26
6 38 3
8 3 20
1 84 43
11 15 44
14 41 41
3 0 28
13 47 42
2 5 13
7 1 43
15 58 3
11 41 40
5 26 1
x
12 30 7
7 47 4
0 30 35
5 64 37
8 15 0
0 0 6
14 9 39
12 23 14
11 16 34
x
13 39 14
6 8 33
x
5 97 33
0 21 29
2 12 23
x
x
11 7 31
14 58 26
3 30 13
x
11 28 19
1 66 27
0 15 13
5 14 9
7 20 24
10 67 39
14 46 44
3 54 35
x
5 7 44
9 15 23
10 22 27
11 57 14
10 19 36
0 46 5
4 10 32
3 21 3
10 61 37
4 56 28
0 55 16
15 43 35
x
6 74 10
x
13 76 0
x
x
11 22 28
8 38 26
7 46 37
9 10 42
8 23 4
0 77 20
0 94 19
x
2 85 30
12 40 27
5 30 20
2 67 10
4 93 22
11 48 10
0 54 41
10 20 5
x
3 19 2
7 6 26
11 10 43
13 83 31
14 75 5
8 1 9
8 63 7
6 2 20
1 38 13
2 13 19
15 13 20
9 36 0
5 37 15
7 60 9
3 61 43
12 1 10
5 69 7
x
x
13 15 21
x
13 22 29
14 3 10
15 1 0
7 31 2
