6 55 28
1 78 18
3 5 4
x
2 72 27
13 22 6
x
10 5 24
14 3 31
x
9 43 21
2 91 36
x
7 66 37
9 7 6
1 68 10
7 11 3
2 86 15
8 49 44
0 30 32
14 28 29
x
x
11 7 7
6 87 31
0 8 7
x
x
14 23 7
9 64 31
9 94 44
12 71 17
6 62 11
11 96 31
8 5 28
7 62 11
x
1 89 6
4 97 18
x
12 96 39
12 12 14
8 82 9
6 96 3
4 12 0
13 70 37
2 22 8
12 90 11
5 75 21
2 30 3
1 0 36
9 72 39
14 19 4
0 98 11
4 77 31
5 98 28
5 67 1
13 61 3
3 7 43
3 0 0
6 16 15
15 55 1
7 74 19
15 77 20
0 91 39
3 73 13
15 0 33
5 60 5
x
5 0 25
12 57 29
x
12 60 30
x
x
13 26 30
7 96 13
5 14 20
5 58 27
11 79 0
13 51 33
2 94 19
x
14 47 16
12 82 21
x
2 0 34
x
8 89 15
6 11 8
0 86 22
11 16 3
10 54 40
12 42 44
5 23 6
2 45 17
x
15 99 10
15 91 8
0 31 23
7 46 15
15 70 32
15 13 16
15 78 0
x
4 45 6
14 36 38
14 73 22
14 99 5
12 7 9
0 20 8
x
3 65 40
0 23 29
13 7 10
9 87 29
4 22 33
3 80 20
x
7 12 17
4 29 30
x
4 83 11
5 24 31
11 28 32
5 29 13
4 21 1
7 91 20
6 64 2
4 24 15
x
6 85 19
10 0 1
3 47 23
4 5 5
7 0 35
10 7 41
0 7 1
x
2 33 4
14 54 30
5 78 3
14 90 11
x
6 57 4
11 33 24
14 79 9
14 49 3
3 91 22
9 30 42
11 93 17
10 79 0
x
15 3 36
5 10 39
7 84 12
x
13 79 15
12 37 38
3 77 28
9 70 33
8 23 33
2 99 12
6 45 40
2 18 24
6 41 7
x
10 38 36
4 18 9
9 73 2
x
13 66 12
10 52 14
5 31 23
x
x
14 56 44
1 47 11
1 70 31
1 40 29
4 55 22
3 8 11
8 31 26
5 20 10
14 9 36
4 69 17
x
7 22 9
14 44 41
x
0 96 19
5 65 9
1 53 38
10 32 25
7 76 43
8 79 39
3 85 38
9 51 23
14 15 14
8 75 1
0 39 17
6 21 16
13 73 19
1 64 24
x
12 76 37
2 71 42
10 75 2
2 60 6
9 41 13
1 38 14
x
x
x
x
0 28 16
9 28 17
11 88 34
x
14 6 37
8 47 18
14 40 8
9 0 37
x
5 43 36
12 50 41
7 35 7
x
6 34 27
0 9 4
x
3 93 44
11 0 38
3 31 14
4 26 16
x
12 17 15
x
15 23 34
1 83 23
14 61 12
2 20 25
x
15 39 30
14 31 43
10 40 5
8 92 35
2 55 39
11 75 6
4 90 8
3 13 18
11 12 13
4 73 34
7 70 6
12 21 7
10 99 10
13 81 13
7 29 44
x
x
9 66 18
12 30 28
15 66 19
x
4 41 41
7 53 29
10 65 34
8 35 24
5 39 43
6 92 37
8 97 12
4 60 21
x
14 69 35
6 0 39
4 94 10
8 99 29
x
9 62 25
0 5 44
11 37 25
6 4 21
11 13 11
12 68 32
x
4 7 20
9 18 12
x
x
4 39 4
14 0 26
15 30 40
3 24 10
7 60 27
1 75 33
0 0 2
2 53 32
1 31 30
14 93 21
11 48 19
0 50 9
x
3 58 15
x
15 32 29
7 43 42
1 22 35
2 38 9
15 72 21
2 42 43
10 18 19
4 62 27
14 38 42
7 88 5
9 38 14
12 0 40
6 69 29
x
15 80 2
x
9 13 20
2 3 38
13 39 31
x
0 74 20
4 8 40
4 43 7
11 68 36
7 82 34
0 48 38
6 80 0
14 86 10
11 18 21
5 72 30
13 85 25
9 75 7
7 3 14
0 64 25
9 97 5
6 29 18
10 25 11
2 62 29
12 63 33
x
13 56 24
x
8 62 32
5 2 2
14 64 34
13 21 39
0 35 26
1 96 9
4 0 3
3 50 30
2 11 5
2 8 37
10 90 33
2 74 7
7 55 40
5 93 38
11 55 40
2 64 35
9 63 30
15 64 28
10 72 35
x
5 54 42
12 27 20
0 38 18
12 23 12
1 45 20
5 5 4
x
3 61 16
5 15 22
11 61 35
9 35 27
3 53 1
7 69 23
11 83 1
7 39 10
4 13 23
0 81 6
7 37 21
15 18 17
x
0 11 41
3 38 36
x
7 17 18
13 36 28
x
15 87 9
x
12 54 23
x
1 21 22
x
x
12 92 36
x
10 8 12
x
9 81 4
0 43 0
13 92 44
15 94 31
2 69 16
0 62 33
11 4 15
15 6 27
9 90 11
11 45 2
x
8 65 37
13 87 40
6 51 43
15 48 41
3 43 12
5 45 11
10 43 32
8 39 34
14 71 40
15 36 44
0 46 5
x
4 61 24
3 67 41
0 15 24
14 21 27
7 26 30
3 87 17
8 7 0
1 7 4
5 32 37
8 0 5
8 84 2
x
8 72 36
4 49 13
1 18 13
x
x
9 57 43
13 95 22
15 22 13
3 95 42
x
12 84 43
x
x
8 44 6
13 0 41
1 35 8
12 40 35
5 37 26
9 4 16
0 41 37
1 4 17
x
11 57 26
10 83 22
x
7 21 24
10 49 7
14 50 15
1 30 5
x
x
x
9 21 26
x
x
x
11 95 8
7 48 36
x
x
x
11 26 9
12 34 10
3 28 32
x
13 4 18
12 29 34
4 64 42
12 4 19
6 72 41
5 49 14
7 8 38
x
x
13 49 42
9 84 24
15 59 22
10 58 39
8 38 10
11 40 33
13 32 32
4 75 14
5 81 24
14 76 1
3 56 33
12 78 18
9 12 41
3 23 25
x
6 25 13
8 53 3
15 84 6
6 86 32
9 24 0
4 34 38
15 50 25
1 62 34
9 39 1
x
5 84 29
2 49 14
8 14 25
13 13 26
9 47 3
1 12 43
1 91 41
10 37 27
10 88 26
10 24 31
4 80 2
2 47 44
6 32 12
6 73 17
8 69 31
13 28 1
x
1 99 44
13 44 4
4 53 43
11 72 44
1 28 19
13 54 16
5 52 0
12 47 16
9 80 15
x
x
8 56 38
x
x
2 36 22
13 18 23
x
x
13 12 2
1 55 26
6 38 9
x
7 83 28
0 57 27
8 9 13
6 6 26
15 57 35
2 78 40
11 64 39
x
x
14 12 39
3 33 37
1 13 27
x
9 56 22
15 44 5
6 31 35
10 29 3
10 68 21
11 50 28
7 49 16
0 52 35
x
5 89 12
x
10 96 8
x
x
2 13 28
8 58 27
0 68 36
1 8 42
8 28 4
1 85 12
x
x
7 77 32
10 61 28
1 60 40
0 78 34
x
6 94 38
14 83 25
11 23 5
x
3 36 8
5 41 7
15 9 43
2 81 30
x
2 6 10
6 76 14
6 8 20
0 71 42
3 19 19
10 13 20
1 49 0
6 48 23
4 87 26
x
7 6 8
x
x
x
8 19 21
x
15 28 23
15 79 18
12 22 42
2 26 2
